  stdafx.cpp
d:\programming\pj\topdowngungame\topdowngungame\datamanager.h(56): warning C4099: 'Texture': 처음에는 'struct'을(를) 사용하여 형식 이름을 표시했는데 이제는 'class'을(를) 사용하여 표시합니다.
  d:\programming\pj\topdowngungame\topdowngungame\datamanager.h(5): note: 'Texture' 선언을 참조하십시오.
d:\programming\pj\topdowngungame\topdowngungame\ctime.h(16): warning C4244: '=': 'double'에서 'float'(으)로 변환하면서 데이터가 손실될 수 있습니다.
  Boxcollider2d.cpp
d:\programming\pj\topdowngungame\topdowngungame\boxcollider2d.cpp(16): warning C4018: '<': signed 또는 unsigned가 일치하지 않습니다.
d:\programming\pj\topdowngungame\topdowngungame\boxcollider2d.cpp(43): warning C4244: '=': 'FLOAT'에서 'LONG'(으)로 변환하면서 데이터가 손실될 수 있습니다.
d:\programming\pj\topdowngungame\topdowngungame\boxcollider2d.cpp(44): warning C4244: '=': 'FLOAT'에서 'LONG'(으)로 변환하면서 데이터가 손실될 수 있습니다.
d:\programming\pj\topdowngungame\topdowngungame\boxcollider2d.cpp(45): warning C4244: '=': 'FLOAT'에서 'LONG'(으)로 변환하면서 데이터가 손실될 수 있습니다.
d:\programming\pj\topdowngungame\topdowngungame\boxcollider2d.cpp(46): warning C4244: '=': 'FLOAT'에서 'LONG'(으)로 변환하면서 데이터가 손실될 수 있습니다.
d:\programming\pj\topdowngungame\topdowngungame\boxcollider2d.cpp(49): warning C4244: '=': 'FLOAT'에서 'LONG'(으)로 변환하면서 데이터가 손실될 수 있습니다.
d:\programming\pj\topdowngungame\topdowngungame\boxcollider2d.cpp(50): warning C4244: '=': 'FLOAT'에서 'LONG'(으)로 변환하면서 데이터가 손실될 수 있습니다.
d:\programming\pj\topdowngungame\topdowngungame\boxcollider2d.cpp(51): warning C4244: '=': 'FLOAT'에서 'LONG'(으)로 변환하면서 데이터가 손실될 수 있습니다.
d:\programming\pj\topdowngungame\topdowngungame\boxcollider2d.cpp(52): warning C4244: '=': 'FLOAT'에서 'LONG'(으)로 변환하면서 데이터가 손실될 수 있습니다.
  Camera01.cpp
  cCamera.cpp
  Character.cpp
  CMaps.cpp
d:\programming\pj\topdowngungame\topdowngungame\cmaps.cpp(68): warning C4018: '<': signed 또는 unsigned가 일치하지 않습니다.
d:\programming\pj\topdowngungame\topdowngungame\cmaps.cpp(80): warning C4244: '=': 'int'에서 'FLOAT'(으)로 변환하면서 데이터가 손실될 수 있습니다.
d:\programming\pj\topdowngungame\topdowngungame\cmaps.cpp(92): warning C4244: '=': 'int'에서 'FLOAT'(으)로 변환하면서 데이터가 손실될 수 있습니다.
d:\programming\pj\topdowngungame\topdowngungame\cmaps.cpp(105): warning C4018: '<': signed 또는 unsigned가 일치하지 않습니다.
d:\programming\pj\topdowngungame\topdowngungame\cmaps.cpp(119): warning C4018: '<': signed 또는 unsigned가 일치하지 않습니다.
  Component.cpp
  cSceneManager.cpp
  cTime.cpp
d:\programming\pj\topdowngungame\topdowngungame\ctime.cpp(19): warning C4244: '=': 'DWORD'에서 'float'(으)로 변환하면서 데이터가 손실될 수 있습니다.
  DataManager.cpp
d:\programming\pj\topdowngungame\topdowngungame\datamanager.cpp(39): warning C4996: 'sprintf': This function or variable may be unsafe. Consider using sprintf_s instead. To disable deprecation, use _CRT_SECURE_NO_WARNINGS. See online help for details.
  c:\program files (x86)\windows kits\10\include\10.0.17134.0\ucrt\stdio.h(1774): note: 'sprintf' 선언을 참조하십시오.
  Rigidbody.cpp
d:\programming\pj\topdowngungame\topdowngungame\rigidbody.cpp(7): error C2064: 항은 0개의 인수를 받아들이는 함수로 계산되지 않습니다.
  SpriteRenderer.cpp
  InputManager.cpp
  MainProc.cpp
  MainScene.cpp
  Object.cpp
  ObjectManager.cpp
  SoundManager.cpp
  TextManager.cpp
  TexVertexRenderer.cpp
d:\programming\pj\topdowngungame\topdowngungame\texvertexrenderer.cpp(50): warning C4244: '인수': 'int'에서 'FLOAT'(으)로 변환하면서 데이터가 손실될 수 있습니다.
  Tile.cpp
d:\programming\pj\topdowngungame\topdowngungame\tile.cpp(7): warning C4018: '<': signed 또는 unsigned가 일치하지 않습니다.
d:\programming\pj\topdowngungame\topdowngungame\tile.cpp(43): warning C4996: 'wcscpy': This function or variable may be unsafe. Consider using wcscpy_s instead. To disable deprecation, use _CRT_SECURE_NO_WARNINGS. See online help for details.
  c:\program files (x86)\windows kits\10\include\10.0.17134.0\ucrt\corecrt_wstring.h(123): note: 'wcscpy' 선언을 참조하십시오.
  코드를 생성하고 있습니다...
  컴파일하고 있습니다...
  Transform.cpp
  WinMain.cpp
d:\programming\pj\topdowngungame\topdowngungame\winmain.cpp(180): warning C4244: '초기화 중': 'float'에서 'INT64'(으)로 변환하면서 데이터가 손실될 수 있습니다.
d:\programming\pj\topdowngungame\topdowngungame\winmain.cpp(181): warning C4244: '초기화 중': 'float'에서 'INT64'(으)로 변환하면서 데이터가 손실될 수 있습니다.
d:\programming\pj\topdowngungame\topdowngungame\winmain.cpp(187): warning C4244: '초기화 중': 'DWORD'에서 'float'(으)로 변환하면서 데이터가 손실될 수 있습니다.
  코드를 생성하고 있습니다...
